<?xml version="1.0" encoding="UTF-8"?>
<testng-results skipped="0" failed="0" ignored="0" total="1" passed="1">
  <reporter-output>
  </reporter-output>
  <suite name="SeleniumSuite" duration-ms="1623" started-at="2019-08-12T02:32:28Z" finished-at="2019-08-12T02:32:30Z">
    <groups>
    </groups>
    <test name="Test" duration-ms="1623" started-at="2019-08-12T02:32:28Z" finished-at="2019-08-12T02:32:30Z">
      <class name="launchChrome.TC001_Using_Chrome">
        <test-method status="PASS" signature="setup()[pri:0, instance:launchChrome.TC001_Using_Chrome@566776ad]" name="setup" duration-ms="1610" started-at="2019-08-12T02:32:28Z" finished-at="2019-08-12T02:32:30Z">
          <reporter-output>
          </reporter-output>
        </test-method> <!-- setup -->
      </class> <!-- launchChrome.TC001_Using_Chrome -->
    </test> <!-- Test -->
  </suite> <!-- SeleniumSuite -->
</testng-results>
